TN:
SF:src/modules/vehicleModel/useCases/createVehicleModel/CreateVehicleModelController.ts
FN:6,CreateVehicleModelController
FN:7,Object.<anonymous>.CreateVehicleModelController.handle
FNF:2
FNH:2
FNDA:4,CreateVehicleModelController
FNDA:6,Object.<anonymous>.CreateVehicleModelController.handle
DA:1,1
DA:2,1
DA:3,1
DA:4,1
DA:5,1
DA:6,4
DA:7,4
DA:8,6
DA:9,6
DA:10,6
DA:11,6
DA:12,6
DA:13,6
DA:14,6
DA:15,6
DA:16,6
DA:17,6
DA:18,6
DA:19,6
DA:20,6
DA:21,6
DA:22,6
DA:23,6
DA:24,4
LF:24
LH:24
BRDA:6,0,0,4
BRDA:6,1,0,4
BRDA:7,2,0,6
BRF:3
BRH:3
end_of_record
TN:
SF:src/modules/vehicleModel/useCases/createVehicleModel/CreateVehicleModelUseCase.ts
FN:9,CreateVehicleModelUseCase
FN:14,Object.<anonymous>.CreateVehicleModelUseCase.execute
FNF:2
FNH:2
FNDA:7,CreateVehicleModelUseCase
FNDA:8,Object.<anonymous>.CreateVehicleModelUseCase.execute
DA:1,1
DA:2,1
DA:3,1
DA:4,1
DA:5,1
DA:6,1
DA:7,1
DA:8,5
DA:9,5
DA:10,7
DA:11,7
DA:12,7
DA:13,5
DA:14,5
DA:15,8
DA:16,8
DA:17,8
DA:18,2
DA:19,2
DA:20,6
DA:21,6
DA:22,6
DA:23,6
DA:24,8
DA:25,8
DA:26,8
DA:27,5
DA:28,1
DA:29,1
LF:29
LH:29
BRDA:8,0,0,5
BRDA:9,1,0,7
BRDA:14,2,0,8
BRDA:15,3,0,8
BRDA:17,4,0,7
BRDA:17,5,0,2
BRDA:20,6,0,6
BRF:7
BRH:7
end_of_record
TN:
SF:src/modules/vehicleModel/useCases/deleteVehicleModel/DeleteVehicleModelController.ts
FN:6,DeleteVehicleModelController
FN:7,Object.<anonymous>.DeleteVehicleModelController.handle
FNF:2
FNH:2
FNDA:4,DeleteVehicleModelController
FNDA:2,Object.<anonymous>.DeleteVehicleModelController.handle
DA:1,1
DA:2,1
DA:3,1
DA:4,1
DA:5,1
DA:6,4
DA:7,4
DA:8,2
DA:9,2
DA:10,2
DA:11,2
DA:12,2
DA:13,2
DA:14,2
DA:15,2
DA:16,2
DA:17,2
DA:18,2
DA:19,2
DA:20,4
LF:20
LH:20
BRDA:6,0,0,4
BRDA:6,1,0,4
BRDA:7,2,0,2
BRF:3
BRH:3
end_of_record
TN:
SF:src/modules/vehicleModel/useCases/deleteVehicleModel/DeleteVehicleModelUseCase.ts
FN:7,DeleteVehicleModelUseCase
FN:12,Object.<anonymous>.DeleteVehicleModelUseCase.execute
FNF:2
FNH:2
FNDA:3,DeleteVehicleModelUseCase
FNDA:4,Object.<anonymous>.DeleteVehicleModelUseCase.execute
DA:1,1
DA:2,1
DA:3,1
DA:4,1
DA:5,1
DA:6,5
DA:7,5
DA:8,3
DA:9,3
DA:10,3
DA:11,5
DA:12,5
DA:13,4
DA:14,4
DA:15,4
DA:16,2
DA:17,2
DA:18,2
DA:19,2
DA:20,4
DA:21,4
DA:22,4
DA:23,5
DA:24,1
DA:25,1
LF:25
LH:25
BRDA:6,0,0,5
BRDA:7,1,0,3
BRDA:12,2,0,4
BRDA:13,3,0,4
BRDA:15,4,0,2
BRF:5
BRH:5
end_of_record
TN:
SF:src/modules/vehicleModel/useCases/showVehicleModel/ShowVehicleModelController.ts
FN:6,ShowVehicleModelController
FN:7,Object.<anonymous>.ShowVehicleModelController.show
FN:20,Object.<anonymous>.ShowVehicleModelController.list
FNF:3
FNH:3
FNDA:4,ShowVehicleModelController
FNDA:2,Object.<anonymous>.ShowVehicleModelController.show
FNDA:1,Object.<anonymous>.ShowVehicleModelController.list
DA:1,1
DA:2,1
DA:3,1
DA:4,1
DA:5,1
DA:6,4
DA:7,4
DA:8,2
DA:9,2
DA:10,2
DA:11,2
DA:12,2
DA:13,2
DA:14,2
DA:15,2
DA:16,2
DA:17,2
DA:18,2
DA:19,4
DA:20,4
DA:21,1
DA:22,1
DA:23,1
DA:24,1
DA:25,1
DA:26,1
DA:27,1
DA:28,1
DA:29,1
DA:30,1
DA:31,4
LF:31
LH:31
BRDA:6,0,0,4
BRDA:6,1,0,4
BRDA:7,2,0,2
BRDA:20,3,0,1
BRF:4
BRH:4
end_of_record
TN:
SF:src/modules/vehicleModel/useCases/showVehicleModel/ShowVehicleModelUseCase.ts
FN:7,ShowVehicleModelUseCase
FN:12,Object.<anonymous>.ShowVehicleModelUseCase.show
FN:23,Object.<anonymous>.ShowVehicleModelUseCase.list
FNF:3
FNH:3
FNDA:4,ShowVehicleModelUseCase
FNDA:4,Object.<anonymous>.ShowVehicleModelUseCase.show
FNDA:2,Object.<anonymous>.ShowVehicleModelUseCase.list
DA:1,1
DA:2,1
DA:3,1
DA:4,1
DA:5,1
DA:6,5
DA:7,5
DA:8,4
DA:9,4
DA:10,4
DA:11,5
DA:12,5
DA:13,4
DA:14,4
DA:15,4
DA:16,2
DA:17,2
DA:18,2
DA:19,2
DA:20,4
DA:21,4
DA:22,5
DA:23,5
DA:24,2
DA:25,2
DA:26,2
DA:27,5
DA:28,1
DA:29,1
LF:29
LH:29
BRDA:6,0,0,5
BRDA:7,1,0,4
BRDA:12,2,0,4
BRDA:13,3,0,4
BRDA:15,4,0,2
BRDA:23,5,0,2
BRDA:24,6,0,2
BRF:7
BRH:7
end_of_record
TN:
SF:src/modules/vehicleModel/useCases/updateVehicleModel/UpdateVehicleModelController.ts
FN:6,UpdateVehicleModelController
FN:7,Object.<anonymous>.UpdateVehicleModelController.handle
FNF:2
FNH:2
FNDA:4,UpdateVehicleModelController
FNDA:2,Object.<anonymous>.UpdateVehicleModelController.handle
DA:1,1
DA:2,1
DA:3,1
DA:4,1
DA:5,1
DA:6,4
DA:7,4
DA:8,2
DA:9,2
DA:10,2
DA:11,2
DA:12,2
DA:13,2
DA:14,2
DA:15,2
DA:16,2
DA:17,2
DA:18,2
DA:19,2
DA:20,2
DA:21,2
DA:22,2
DA:23,2
DA:24,2
DA:25,2
DA:26,4
LF:26
LH:26
BRDA:6,0,0,4
BRDA:6,1,0,4
BRDA:7,2,0,2
BRF:3
BRH:3
end_of_record
TN:
SF:src/modules/vehicleModel/useCases/updateVehicleModel/UpdateVehicleModelUseCase.ts
FN:9,UpdateVehicleModelUseCase
FN:14,Object.<anonymous>.UpdateVehicleModelUseCase.execute
FNF:2
FNH:2
FNDA:3,UpdateVehicleModelUseCase
FNDA:4,Object.<anonymous>.UpdateVehicleModelUseCase.execute
DA:1,1
DA:2,1
DA:3,1
DA:4,1
DA:5,1
DA:6,1
DA:7,1
DA:8,5
DA:9,5
DA:10,3
DA:11,3
DA:12,3
DA:13,5
DA:14,5
DA:15,4
DA:16,4
DA:17,4
DA:18,2
DA:19,2
DA:20,2
DA:21,2
DA:22,2
DA:23,4
DA:24,4
DA:25,5
DA:26,1
DA:27,1
LF:27
LH:27
BRDA:8,0,0,5
BRDA:9,1,0,3
BRDA:14,2,0,4
BRDA:15,3,0,4
BRDA:17,4,0,2
BRF:5
BRH:5
end_of_record
TN:
SF:src/modules/vehicles/useCases/createVehicle/CreateVehicleController.ts
FN:6,CreateVehicleController
FN:7,Object.<anonymous>.CreateVehicleController.handle
FNF:2
FNH:1
FNDA:4,CreateVehicleController
FNDA:0,Object.<anonymous>.CreateVehicleController.handle
DA:1,1
DA:2,1
DA:3,1
DA:4,1
DA:5,1
DA:6,4
DA:7,4
DA:8,0
DA:9,0
DA:10,0
DA:11,0
DA:12,0
DA:13,0
DA:14,0
DA:15,0
DA:16,0
DA:17,0
DA:18,0
DA:19,0
DA:20,0
DA:21,0
DA:22,0
DA:23,0
DA:24,0
DA:25,4
LF:25
LH:8
BRDA:6,0,0,4
BRDA:6,1,0,4
BRF:2
BRH:2
end_of_record
TN:
SF:src/modules/vehicles/useCases/createVehicle/CreateVehicleUseCase.ts
FN:9,CreateVehicleUseCase
FN:14,Object.<anonymous>.CreateVehicleUseCase.execute
FNF:2
FNH:0
FNDA:0,CreateVehicleUseCase
FNDA:0,Object.<anonymous>.CreateVehicleUseCase.execute
DA:1,1
DA:2,1
DA:3,1
DA:4,1
DA:5,1
DA:6,1
DA:7,1
DA:8,4
DA:9,4
DA:10,0
DA:11,0
DA:12,0
DA:13,4
DA:14,4
DA:15,0
DA:16,0
DA:17,0
DA:18,0
DA:19,0
DA:20,0
DA:21,0
DA:22,0
DA:23,0
DA:24,0
DA:25,0
DA:26,0
DA:27,4
DA:28,1
DA:29,1
LF:29
LH:14
BRDA:8,0,0,4
BRF:1
BRH:1
end_of_record
TN:
SF:src/modules/vehicles/useCases/deleteVehicle/DeleteVehicleController.ts
FN:6,DeleteVehicleController
FN:7,Object.<anonymous>.DeleteVehicleController.handle
FNF:2
FNH:1
FNDA:4,DeleteVehicleController
FNDA:0,Object.<anonymous>.DeleteVehicleController.handle
DA:1,1
DA:2,1
DA:3,1
DA:4,1
DA:5,1
DA:6,4
DA:7,4
DA:8,0
DA:9,0
DA:10,0
DA:11,0
DA:12,0
DA:13,0
DA:14,0
DA:15,0
DA:16,0
DA:17,0
DA:18,0
DA:19,0
DA:20,4
LF:20
LH:8
BRDA:6,0,0,4
BRDA:6,1,0,4
BRF:2
BRH:2
end_of_record
TN:
SF:src/modules/vehicles/useCases/deleteVehicle/DeleteVehicleUseCase.ts
FN:7,DeleteVehicleUseCase
FN:12,Object.<anonymous>.DeleteVehicleUseCase.execute
FNF:2
FNH:0
FNDA:0,DeleteVehicleUseCase
FNDA:0,Object.<anonymous>.DeleteVehicleUseCase.execute
DA:1,1
DA:2,1
DA:3,1
DA:4,1
DA:5,1
DA:6,4
DA:7,4
DA:8,0
DA:9,0
DA:10,0
DA:11,4
DA:12,4
DA:13,0
DA:14,0
DA:15,0
DA:16,0
DA:17,0
DA:18,0
DA:19,0
DA:20,0
DA:21,0
DA:22,0
DA:23,4
DA:24,1
DA:25,1
LF:25
LH:12
BRDA:6,0,0,4
BRF:1
BRH:1
end_of_record
TN:
SF:src/modules/vehicles/useCases/showVehicle/ShowVehicleController.ts
FN:6,ShowVehicleController
FN:7,Object.<anonymous>.ShowVehicleController.show
FN:20,Object.<anonymous>.ShowVehicleController.list
FNF:3
FNH:1
FNDA:4,ShowVehicleController
FNDA:0,Object.<anonymous>.ShowVehicleController.show
FNDA:0,Object.<anonymous>.ShowVehicleController.list
DA:1,1
DA:2,1
DA:3,1
DA:4,1
DA:5,1
DA:6,4
DA:7,4
DA:8,0
DA:9,0
DA:10,0
DA:11,0
DA:12,0
DA:13,0
DA:14,0
DA:15,0
DA:16,0
DA:17,0
DA:18,0
DA:19,4
DA:20,4
DA:21,0
DA:22,0
DA:23,0
DA:24,0
DA:25,0
DA:26,0
DA:27,0
DA:28,0
DA:29,0
DA:30,0
DA:31,4
LF:31
LH:10
BRDA:6,0,0,4
BRDA:6,1,0,4
BRF:2
BRH:2
end_of_record
TN:
SF:src/modules/vehicles/useCases/showVehicle/ShowVehicleUseCase.ts
FN:7,ShowVehicleUseCase
FN:12,Object.<anonymous>.ShowVehicleUseCase.show
FN:21,Object.<anonymous>.ShowVehicleUseCase.list
FNF:3
FNH:0
FNDA:0,ShowVehicleUseCase
FNDA:0,Object.<anonymous>.ShowVehicleUseCase.show
FNDA:0,Object.<anonymous>.ShowVehicleUseCase.list
DA:1,1
DA:2,1
DA:3,1
DA:4,1
DA:5,1
DA:6,4
DA:7,4
DA:8,0
DA:9,0
DA:10,0
DA:11,4
DA:12,4
DA:13,0
DA:14,0
DA:15,0
DA:16,0
DA:17,0
DA:18,0
DA:19,0
DA:20,4
DA:21,4
DA:22,0
DA:23,0
DA:24,0
DA:25,4
DA:26,1
DA:27,1
LF:27
LH:14
BRDA:6,0,0,4
BRF:1
BRH:1
end_of_record
TN:
SF:src/modules/vehicles/useCases/updateVehicle/UpdateVehicleController.ts
FN:6,UpdateVehicleController
FN:7,Object.<anonymous>.UpdateVehicleController.handle
FNF:2
FNH:1
FNDA:4,UpdateVehicleController
FNDA:0,Object.<anonymous>.UpdateVehicleController.handle
DA:1,1
DA:2,1
DA:3,1
DA:4,1
DA:5,1
DA:6,4
DA:7,4
DA:8,0
DA:9,0
DA:10,0
DA:11,0
DA:12,0
DA:13,0
DA:14,0
DA:15,0
DA:16,0
DA:17,0
DA:18,0
DA:19,0
DA:20,0
DA:21,0
DA:22,0
DA:23,0
DA:24,0
DA:25,0
DA:26,0
DA:27,4
LF:27
LH:8
BRDA:6,0,0,4
BRDA:6,1,0,4
BRF:2
BRH:2
end_of_record
TN:
SF:src/modules/vehicles/useCases/updateVehicle/UpdateVehicleUseCase.ts
FN:9,UpdateVehicleUseCase
FN:14,Object.<anonymous>.UpdateVehicleUseCase.execute
FNF:2
FNH:0
FNDA:0,UpdateVehicleUseCase
FNDA:0,Object.<anonymous>.UpdateVehicleUseCase.execute
DA:1,1
DA:2,1
DA:3,1
DA:4,1
DA:5,1
DA:6,1
DA:7,1
DA:8,4
DA:9,4
DA:10,0
DA:11,0
DA:12,0
DA:13,4
DA:14,4
DA:15,0
DA:16,0
DA:17,0
DA:18,0
DA:19,0
DA:20,0
DA:21,0
DA:22,0
DA:23,0
DA:24,0
DA:25,0
DA:26,0
DA:27,0
DA:28,0
DA:29,0
DA:30,0
DA:31,0
DA:32,0
DA:33,0
DA:34,4
DA:35,1
DA:36,1
LF:36
LH:14
BRDA:8,0,0,4
BRF:1
BRH:1
end_of_record
