TN:
SF:src/modules/vehicles/infra/http/controllers/VehicleController.ts
FN:9,create
FN:21,show
FN:28,list
FN:34,update
FN:48,delete
FNF:5
FNH:5
FNDA:6,create
FNDA:2,show
FNDA:1,list
FNDA:2,update
FNDA:2,delete
DA:1,1
DA:2,1
DA:3,1
DA:4,1
DA:5,1
DA:6,1
DA:7,1
DA:8,1
DA:9,1
DA:10,6
DA:11,6
DA:12,6
DA:13,6
DA:14,6
DA:15,6
DA:16,6
DA:17,6
DA:18,4
DA:19,4
DA:20,1
DA:21,1
DA:22,2
DA:23,2
DA:24,2
DA:25,1
DA:26,1
DA:27,1
DA:28,1
DA:29,1
DA:30,1
DA:31,1
DA:32,1
DA:33,1
DA:34,1
DA:35,2
DA:36,2
DA:37,2
DA:38,2
DA:39,2
DA:40,2
DA:41,2
DA:42,2
DA:43,2
DA:44,2
DA:45,1
DA:46,1
DA:47,1
DA:48,1
DA:49,2
DA:50,2
DA:51,2
DA:52,1
DA:53,1
DA:54,1
LF:54
LH:54
BRDA:9,0,0,6
BRDA:18,1,0,4
BRDA:21,2,0,2
BRDA:25,3,0,1
BRDA:28,4,0,1
BRDA:34,5,0,2
BRDA:45,6,0,1
BRDA:48,7,0,2
BRDA:52,8,0,1
BRF:9
BRH:9
end_of_record
TN:
SF:src/modules/vehicles/infra/http/controllers/VehicleModelController.ts
FN:9,create
FN:20,show
FN:27,list
FN:33,update
FN:46,delete
FNF:5
FNH:5
FNDA:9,create
FNDA:2,show
FNDA:1,list
FNDA:2,update
FNDA:2,delete
DA:1,1
DA:2,1
DA:3,1
DA:4,1
DA:5,1
DA:6,1
DA:7,1
DA:8,1
DA:9,1
DA:10,9
DA:11,9
DA:12,9
DA:13,9
DA:14,9
DA:15,9
DA:16,9
DA:17,8
DA:18,8
DA:19,1
DA:20,1
DA:21,2
DA:22,2
DA:23,2
DA:24,1
DA:25,1
DA:26,1
DA:27,1
DA:28,1
DA:29,1
DA:30,1
DA:31,1
DA:32,1
DA:33,1
DA:34,2
DA:35,2
DA:36,2
DA:37,2
DA:38,2
DA:39,2
DA:40,2
DA:41,2
DA:42,2
DA:43,1
DA:44,1
DA:45,1
DA:46,1
DA:47,2
DA:48,2
DA:49,2
DA:50,1
DA:51,1
DA:52,1
LF:52
LH:52
BRDA:9,0,0,9
BRDA:17,1,0,8
BRDA:20,2,0,2
BRDA:24,3,0,1
BRDA:27,4,0,1
BRDA:33,5,0,2
BRDA:43,6,0,1
BRDA:46,7,0,2
BRDA:50,8,0,1
BRF:9
BRH:9
end_of_record
TN:
SF:src/modules/vehicles/useCases/vehicleModel/CreateVehicleModelUseCase.ts
FN:9,CreateVehicleModelUseCase
FN:14,execute
FNF:2
FNH:2
FNDA:10,CreateVehicleModelUseCase
FNDA:11,execute
DA:1,1
DA:2,1
DA:3,1
DA:4,1
DA:5,1
DA:6,1
DA:7,1
DA:8,1
DA:9,1
DA:10,10
DA:11,10
DA:12,10
DA:13,1
DA:14,1
DA:15,11
DA:16,11
DA:17,9
DA:18,9
DA:19,9
DA:20,9
DA:21,1
DA:22,1
DA:23,1
LF:23
LH:23
BRDA:9,0,0,10
BRDA:14,1,0,11
BRDA:16,2,0,9
BRDA:16,3,0,2
BRF:4
BRH:4
end_of_record
TN:
SF:src/modules/vehicles/useCases/vehicleModel/DeleteVehicleModelUseCase.ts
FN:7,DeleteVehicleModelUseCase
FN:12,execute
FNF:2
FNH:2
FNDA:3,DeleteVehicleModelUseCase
FNDA:4,execute
DA:1,1
DA:2,1
DA:3,1
DA:4,1
DA:5,1
DA:6,1
DA:7,1
DA:8,3
DA:9,3
DA:10,3
DA:11,1
DA:12,1
DA:13,4
DA:14,4
DA:15,2
DA:16,2
DA:17,2
DA:18,1
DA:19,1
DA:20,1
LF:20
LH:20
BRDA:7,0,0,3
BRDA:12,1,0,4
BRDA:14,2,0,2
BRF:3
BRH:3
end_of_record
TN:
SF:src/modules/vehicles/useCases/vehicleModel/ShowVehicleModelUseCase.ts
FN:7,ShowVehicleModelUseCase
FN:12,show
FN:19,list
FNF:3
FNH:3
FNDA:4,ShowVehicleModelUseCase
FNDA:4,show
FNDA:2,list
DA:1,1
DA:2,1
DA:3,1
DA:4,1
DA:5,1
DA:6,1
DA:7,1
DA:8,4
DA:9,4
DA:10,4
DA:11,1
DA:12,1
DA:13,4
DA:14,4
DA:15,2
DA:16,2
DA:17,2
DA:18,1
DA:19,1
DA:20,2
DA:21,2
DA:22,2
DA:23,1
DA:24,1
DA:25,1
LF:25
LH:25
BRDA:7,0,0,4
BRDA:12,1,0,4
BRDA:14,2,0,2
BRDA:19,3,0,2
BRF:4
BRH:4
end_of_record
TN:
SF:src/modules/vehicles/useCases/vehicleModel/UpdateVehicleModelUseCase.ts
FN:9,UpdateVehicleModelUseCase
FN:14,execute
FNF:2
FNH:2
FNDA:3,UpdateVehicleModelUseCase
FNDA:4,execute
DA:1,1
DA:2,1
DA:3,1
DA:4,1
DA:5,1
DA:6,1
DA:7,1
DA:8,1
DA:9,1
DA:10,3
DA:11,3
DA:12,3
DA:13,1
DA:14,1
DA:15,4
DA:16,4
DA:17,2
DA:18,2
DA:19,2
DA:20,2
DA:21,1
DA:22,1
DA:23,1
LF:23
LH:23
BRDA:9,0,0,3
BRDA:14,1,0,4
BRDA:16,2,0,2
BRF:3
BRH:3
end_of_record
TN:
SF:src/modules/vehicles/useCases/vehicles/CreateVehicleUseCase.ts
FN:10,CreateVehicleUseCase
FN:17,execute
FNF:2
FNH:2
FNDA:7,CreateVehicleUseCase
FNDA:8,execute
DA:1,1
DA:2,1
DA:3,1
DA:4,1
DA:5,1
DA:6,1
DA:7,1
DA:8,1
DA:9,1
DA:10,1
DA:11,7
DA:12,7
DA:13,7
DA:14,7
DA:15,7
DA:16,1
DA:17,1
DA:18,8
DA:19,8
DA:20,8
DA:21,8
DA:22,6
DA:23,6
DA:24,6
DA:25,8
DA:26,5
DA:27,5
DA:28,5
DA:29,5
DA:30,1
DA:31,1
DA:32,1
LF:32
LH:32
BRDA:10,0,0,7
BRDA:17,1,0,8
BRDA:21,2,0,7
BRDA:21,3,0,2
BRDA:22,4,0,6
BRDA:25,5,0,6
BRDA:25,6,0,1
BRDA:26,7,0,5
BRF:8
BRH:8
end_of_record
TN:
SF:src/modules/vehicles/useCases/vehicles/DeleteVehicleUseCase.ts
FN:7,DeleteVehicleUseCase
FN:12,execute
FNF:2
FNH:2
FNDA:3,DeleteVehicleUseCase
FNDA:4,execute
DA:1,1
DA:2,1
DA:3,1
DA:4,1
DA:5,1
DA:6,1
DA:7,1
DA:8,3
DA:9,3
DA:10,3
DA:11,1
DA:12,1
DA:13,4
DA:14,4
DA:15,2
DA:16,2
DA:17,2
DA:18,1
DA:19,1
DA:20,1
LF:20
LH:20
BRDA:7,0,0,3
BRDA:12,1,0,4
BRDA:14,2,0,2
BRF:3
BRH:3
end_of_record
TN:
SF:src/modules/vehicles/useCases/vehicles/ShowVehicleUseCase.ts
FN:7,ShowVehicleUseCase
FN:12,show
FN:18,list
FNF:3
FNH:3
FNDA:4,ShowVehicleUseCase
FNDA:4,show
FNDA:2,list
DA:1,1
DA:2,1
DA:3,1
DA:4,1
DA:5,1
DA:6,1
DA:7,1
DA:8,4
DA:9,4
DA:10,4
DA:11,1
DA:12,1
DA:13,4
DA:14,4
DA:15,2
DA:16,2
DA:17,1
DA:18,1
DA:19,2
DA:20,2
DA:21,2
DA:22,1
DA:23,1
DA:24,1
LF:24
LH:24
BRDA:7,0,0,4
BRDA:12,1,0,4
BRDA:14,2,0,2
BRDA:18,3,0,2
BRF:4
BRH:4
end_of_record
TN:
SF:src/modules/vehicles/useCases/vehicles/UpdateVehicleUseCase.ts
FN:9,UpdateVehicleUseCase
FN:14,execute
FNF:2
FNH:2
FNDA:3,UpdateVehicleUseCase
FNDA:5,execute
DA:1,1
DA:2,1
DA:3,1
DA:4,1
DA:5,1
DA:6,1
DA:7,1
DA:8,1
DA:9,1
DA:10,3
DA:11,3
DA:12,3
DA:13,1
DA:14,1
DA:15,5
DA:16,5
DA:17,5
DA:18,3
DA:19,3
DA:20,3
DA:21,5
DA:22,2
DA:23,2
DA:24,2
DA:25,2
DA:26,1
DA:27,1
DA:28,1
LF:28
LH:28
BRDA:9,0,0,3
BRDA:14,1,0,5
BRDA:17,2,0,4
BRDA:17,3,0,2
BRDA:18,4,0,3
BRDA:21,5,0,3
BRDA:21,6,0,1
BRDA:22,7,0,2
BRF:8
BRH:8
end_of_record
